{"level":"info","message":"Server is running on port 3000","timestamp":"2025-04-12T13:21:40.917Z"}
{"level":"info","message":"Server is running on port 3000","timestamp":"2025-04-12T13:22:00.130Z"}
{"level":"info","message":"GET /flash-sales/active","timestamp":"2025-04-12T13:24:44.084Z"}
{"level":"info","message":"GET /all-categories","timestamp":"2025-04-12T13:24:44.093Z"}
{"level":"info","message":"GET /products/Hoople%20Clock","timestamp":"2025-04-12T13:24:44.094Z"}
{"level":"info","message":"GET /products","timestamp":"2025-04-12T13:24:44.097Z"}
{"level":"info","message":"GET /categories","timestamp":"2025-04-12T13:24:44.111Z"}
{"level":"info","message":"GET /flash-sales/active","timestamp":"2025-04-12T13:24:44.112Z"}
{"level":"info","message":"GET /categories","timestamp":"2025-04-12T13:24:44.118Z"}
{"level":"info","message":"GET /all-categories","timestamp":"2025-04-12T13:24:44.119Z"}
{"level":"info","message":"GET /products/Hoople%20Clock","timestamp":"2025-04-12T13:24:44.121Z"}
{"level":"info","message":"GET /products","timestamp":"2025-04-12T13:24:44.121Z"}
{"level":"info","message":"GET /all-categories","timestamp":"2025-04-12T13:24:44.126Z"}
{"level":"info","message":"GET /products","timestamp":"2025-04-12T13:24:44.127Z"}
{"level":"info","message":"GET /all-categories","timestamp":"2025-04-12T13:24:44.127Z"}
{"level":"info","message":"GET /products","timestamp":"2025-04-12T13:24:44.128Z"}
{"level":"info","message":"GET /all-categories","timestamp":"2025-04-12T13:24:44.130Z"}
{"level":"info","message":"GET /products","timestamp":"2025-04-12T13:24:44.131Z"}
{"level":"info","message":"GET /all-categories","timestamp":"2025-04-12T13:24:44.131Z"}
{"level":"info","message":"GET /products","timestamp":"2025-04-12T13:24:44.131Z"}
{"level":"info","message":"GET /products","timestamp":"2025-04-12T13:24:44.132Z"}
{"level":"info","message":"GET /products","timestamp":"2025-04-12T13:24:44.133Z"}
{"level":"info","message":"GET /api/v1/auth","timestamp":"2025-04-12T13:34:10.663Z"}
{"level":"info","message":"POST /api/v1/auth","timestamp":"2025-04-12T13:34:13.388Z"}
{"level":"info","message":"POST /health","timestamp":"2025-04-12T13:34:36.963Z"}
{"level":"info","message":"GET /health","timestamp":"2025-04-12T13:34:39.595Z"}
{"level":"info","message":"POST /api/v1/auth/register","timestamp":"2025-04-12T13:34:57.793Z"}
{"clientVersion":"5.22.0","code":"P2021","level":"error","message":"Error in register: \nInvalid `prisma.user.findUnique()` invocation:\n\n\nThe table `public.User` does not exist in the current database.","meta":{"modelName":"User","table":"public.User"},"name":"PrismaClientKnownRequestError","stack":"PrismaClientKnownRequestError: \nInvalid `prisma.user.findUnique()` invocation:\n\n\nThe table `public.User` does not exist in the current database.\n    at $n.handleRequestError (/Users/rishikchowdarykaruturi/mars-genai-backend-1/backend/node_modules/@prisma/client/runtime/library.js:121:7315)\n    at $n.handleAndLogRequestError (/Users/rishikchowdarykaruturi/mars-genai-backend-1/backend/node_modules/@prisma/client/runtime/library.js:121:6623)\n    at $n.request (/Users/rishikchowdarykaruturi/mars-genai-backend-1/backend/node_modules/@prisma/client/runtime/library.js:121:6307)\n    at async l (/Users/rishikchowdarykaruturi/mars-genai-backend-1/backend/node_modules/@prisma/client/runtime/library.js:130:9633)\n    at async register (file:///Users/rishikchowdarykaruturi/mars-genai-backend-1/backend/src/api/v1/controllers/auth.controller.js:13:26)","timestamp":"2025-04-12T13:34:59.317Z"}
{"level":"info","message":"Server is running on port 3000","timestamp":"2025-04-12T13:39:47.509Z"}
{"level":"info","message":"POST /api/v1/auth/register","timestamp":"2025-04-12T13:39:58.116Z"}
{"level":"info","message":"User registered successfully: bc6853eb-3d2b-4917-a771-98b958269874","timestamp":"2025-04-12T13:40:00.400Z"}
{"level":"info","message":"POST /api/v1/auth/login","timestamp":"2025-04-12T13:41:05.123Z"}
{"level":"info","message":"User logged in successfully: bc6853eb-3d2b-4917-a771-98b958269874","timestamp":"2025-04-12T13:41:05.557Z"}
{"level":"info","message":"POST /api/v1/auth/login","timestamp":"2025-04-12T13:41:10.033Z"}
{"level":"info","message":"User logged in successfully: bc6853eb-3d2b-4917-a771-98b958269874","timestamp":"2025-04-12T13:41:10.267Z"}
{"level":"info","message":"POST /api/v1/auth/login","timestamp":"2025-04-12T13:41:12.130Z"}
{"level":"info","message":"User logged in successfully: bc6853eb-3d2b-4917-a771-98b958269874","timestamp":"2025-04-12T13:41:12.354Z"}
{"level":"info","message":"POST /api/v1/auth/me","timestamp":"2025-04-12T13:42:07.040Z"}
{"level":"info","message":"GET /api/v1/auth/me","timestamp":"2025-04-12T13:42:11.260Z"}
{"level":"info","message":"GET /api/v1/auth/me","timestamp":"2025-04-12T13:42:18.567Z"}
{"level":"error","message":"Token verification failed: invalid signature","name":"JsonWebTokenError","stack":"JsonWebTokenError: invalid signature\n    at /Users/rishikchowdarykaruturi/mars-genai-backend-1/backend/node_modules/jsonwebtoken/verify.js:171:19\n    at getSecret (/Users/rishikchowdarykaruturi/mars-genai-backend-1/backend/node_modules/jsonwebtoken/verify.js:97:14)\n    at module.exports [as verify] (/Users/rishikchowdarykaruturi/mars-genai-backend-1/backend/node_modules/jsonwebtoken/verify.js:101:10)\n    at authenticateToken (file:///Users/rishikchowdarykaruturi/mars-genai-backend-1/backend/src/api/v1/middleware/auth.middleware.js:13:9)\n    at Layer.handle [as handle_request] (/Users/rishikchowdarykaruturi/mars-genai-backend-1/backend/node_modules/express/lib/router/layer.js:95:5)\n    at next (/Users/rishikchowdarykaruturi/mars-genai-backend-1/backend/node_modules/express/lib/router/route.js:149:13)\n    at Route.dispatch (/Users/rishikchowdarykaruturi/mars-genai-backend-1/backend/node_modules/express/lib/router/route.js:119:3)\n    at Layer.handle [as handle_request] (/Users/rishikchowdarykaruturi/mars-genai-backend-1/backend/node_modules/express/lib/router/layer.js:95:5)\n    at /Users/rishikchowdarykaruturi/mars-genai-backend-1/backend/node_modules/express/lib/router/index.js:284:15\n    at Function.process_params (/Users/rishikchowdarykaruturi/mars-genai-backend-1/backend/node_modules/express/lib/router/index.js:346:12)","timestamp":"2025-04-12T13:42:18.571Z"}
{"level":"info","message":"GET /api/v1/auth/me","timestamp":"2025-04-12T13:42:20.212Z"}
{"level":"info","message":"GET /api/v1/datasets","timestamp":"2025-04-12T13:43:15.861Z"}
{"level":"info","message":"POST /api/v1/datasets","timestamp":"2025-04-12T13:43:31.483Z"}
{"clientVersion":"5.22.0","level":"error","message":"Error creating dataset: \nInvalid `prisma.dataset.create()` invocation:\n\n{\n  data: {\n    name: \"Test Dataset\",\n    description: \"Test description\",\n    content: \"Test content\",\n    type: \"text\",\n    ~~~~\n    userId: \"bc6853eb-3d2b-4917-a771-98b958269874\",\n?   id?: String,\n?   createdAt?: DateTime,\n?   updatedAt?: DateTime\n  }\n}\n\nUnknown argument `type`. Did you mean `name`? Available options are marked with ?.","name":"PrismaClientValidationError","stack":"PrismaClientValidationError: \nInvalid `prisma.dataset.create()` invocation:\n\n{\n  data: {\n    name: \"Test Dataset\",\n    description: \"Test description\",\n    content: \"Test content\",\n    type: \"text\",\n    ~~~~\n    userId: \"bc6853eb-3d2b-4917-a771-98b958269874\",\n?   id?: String,\n?   createdAt?: DateTime,\n?   updatedAt?: DateTime\n  }\n}\n\nUnknown argument `type`. Did you mean `name`? Available options are marked with ?.\n    at wn (/Users/rishikchowdarykaruturi/mars-genai-backend-1/backend/node_modules/@prisma/client/runtime/library.js:29:1363)\n    at $n.handleRequestError (/Users/rishikchowdarykaruturi/mars-genai-backend-1/backend/node_modules/@prisma/client/runtime/library.js:121:6958)\n    at $n.handleAndLogRequestError (/Users/rishikchowdarykaruturi/mars-genai-backend-1/backend/node_modules/@prisma/client/runtime/library.js:121:6623)\n    at $n.request (/Users/rishikchowdarykaruturi/mars-genai-backend-1/backend/node_modules/@prisma/client/runtime/library.js:121:6307)\n    at async l (/Users/rishikchowdarykaruturi/mars-genai-backend-1/backend/node_modules/@prisma/client/runtime/library.js:130:9633)\n    at async createDataset (file:///Users/rishikchowdarykaruturi/mars-genai-backend-1/backend/src/api/v1/controllers/dataset.controller.js:12:21)","timestamp":"2025-04-12T13:43:31.539Z"}
{"level":"info","message":"POST /api/v1/datasets","timestamp":"2025-04-12T13:43:57.552Z"}
{"clientVersion":"5.22.0","level":"error","message":"Error creating dataset: \nInvalid `prisma.dataset.create()` invocation:\n\n{\n  data: {\n    name: \"Test Dataset\",\n    description: \"Test description\",\n    content: \"Test content\",\n    type: \"text\",\n    ~~~~\n    userId: \"bc6853eb-3d2b-4917-a771-98b958269874\",\n?   id?: String,\n?   createdAt?: DateTime,\n?   updatedAt?: DateTime\n  }\n}\n\nUnknown argument `type`. Did you mean `name`? Available options are marked with ?.","name":"PrismaClientValidationError","stack":"PrismaClientValidationError: \nInvalid `prisma.dataset.create()` invocation:\n\n{\n  data: {\n    name: \"Test Dataset\",\n    description: \"Test description\",\n    content: \"Test content\",\n    type: \"text\",\n    ~~~~\n    userId: \"bc6853eb-3d2b-4917-a771-98b958269874\",\n?   id?: String,\n?   createdAt?: DateTime,\n?   updatedAt?: DateTime\n  }\n}\n\nUnknown argument `type`. Did you mean `name`? Available options are marked with ?.\n    at wn (/Users/rishikchowdarykaruturi/mars-genai-backend-1/backend/node_modules/@prisma/client/runtime/library.js:29:1363)\n    at $n.handleRequestError (/Users/rishikchowdarykaruturi/mars-genai-backend-1/backend/node_modules/@prisma/client/runtime/library.js:121:6958)\n    at $n.handleAndLogRequestError (/Users/rishikchowdarykaruturi/mars-genai-backend-1/backend/node_modules/@prisma/client/runtime/library.js:121:6623)\n    at $n.request (/Users/rishikchowdarykaruturi/mars-genai-backend-1/backend/node_modules/@prisma/client/runtime/library.js:121:6307)\n    at async l (/Users/rishikchowdarykaruturi/mars-genai-backend-1/backend/node_modules/@prisma/client/runtime/library.js:130:9633)\n    at async createDataset (file:///Users/rishikchowdarykaruturi/mars-genai-backend-1/backend/src/api/v1/controllers/dataset.controller.js:12:21)","timestamp":"2025-04-12T13:43:57.749Z"}
{"level":"info","message":"POST /api/v1/prompts","timestamp":"2025-04-12T13:44:44.957Z"}
{"level":"error","message":"Error creating prompt: Cannot read properties of undefined (reading 'create')","stack":"TypeError: Cannot read properties of undefined (reading 'create')\n    at createPrompt (file:///Users/rishikchowdarykaruturi/mars-genai-backend-1/backend/src/api/v1/controllers/prompt.controller.js:12:40)\n    at Layer.handle [as handle_request] (/Users/rishikchowdarykaruturi/mars-genai-backend-1/backend/node_modules/express/lib/router/layer.js:95:5)\n    at next (/Users/rishikchowdarykaruturi/mars-genai-backend-1/backend/node_modules/express/lib/router/route.js:149:13)\n    at validatePrompt (file:///Users/rishikchowdarykaruturi/mars-genai-backend-1/backend/src/api/v1/middleware/validation.middleware.js:66:5)\n    at Layer.handle [as handle_request] (/Users/rishikchowdarykaruturi/mars-genai-backend-1/backend/node_modules/express/lib/router/layer.js:95:5)\n    at next (/Users/rishikchowdarykaruturi/mars-genai-backend-1/backend/node_modules/express/lib/router/route.js:149:13)\n    at middleware (/Users/rishikchowdarykaruturi/mars-genai-backend-1/backend/node_modules/express-validator/lib/middlewares/check.js:16:13)\n    at process.processTicksAndRejections (node:internal/process/task_queues:105:5)","timestamp":"2025-04-12T13:44:44.990Z"}
{"level":"info","message":"GET /api/v1/prompts","timestamp":"2025-04-12T13:45:11.663Z"}
{"level":"error","message":"Error fetching prompts: Cannot read properties of undefined (reading 'findMany')","stack":"TypeError: Cannot read properties of undefined (reading 'findMany')\n    at getPrompts (file:///Users/rishikchowdarykaruturi/mars-genai-backend-1/backend/src/api/v1/controllers/prompt.controller.js:34:41)\n    at Layer.handle [as handle_request] (/Users/rishikchowdarykaruturi/mars-genai-backend-1/backend/node_modules/express/lib/router/layer.js:95:5)\n    at next (/Users/rishikchowdarykaruturi/mars-genai-backend-1/backend/node_modules/express/lib/router/route.js:149:13)\n    at Route.dispatch (/Users/rishikchowdarykaruturi/mars-genai-backend-1/backend/node_modules/express/lib/router/route.js:119:3)\n    at Layer.handle [as handle_request] (/Users/rishikchowdarykaruturi/mars-genai-backend-1/backend/node_modules/express/lib/router/layer.js:95:5)\n    at /Users/rishikchowdarykaruturi/mars-genai-backend-1/backend/node_modules/express/lib/router/index.js:284:15\n    at Function.process_params (/Users/rishikchowdarykaruturi/mars-genai-backend-1/backend/node_modules/express/lib/router/index.js:346:12)\n    at next (/Users/rishikchowdarykaruturi/mars-genai-backend-1/backend/node_modules/express/lib/router/index.js:280:10)\n    at file:///Users/rishikchowdarykaruturi/mars-genai-backend-1/backend/src/api/v1/middleware/auth.middleware.js:20:7\n    at /Users/rishikchowdarykaruturi/mars-genai-backend-1/backend/node_modules/jsonwebtoken/verify.js:261:12","timestamp":"2025-04-12T13:45:11.669Z"}
{"level":"info","message":"Server is running on port 3000","timestamp":"2025-04-12T13:47:20.477Z"}
{"level":"info","message":"Server is running on port 3000","timestamp":"2025-04-12T13:53:51.205Z"}
{"level":"info","message":"Server is running on port 3000","timestamp":"2025-04-12T13:53:56.821Z"}
{"level":"info","message":"GET /api/v1/prompts","timestamp":"2025-04-12T13:54:12.104Z"}
{"level":"error","message":"Error fetching prompts: Cannot read properties of undefined (reading 'findMany')","stack":"TypeError: Cannot read properties of undefined (reading 'findMany')\n    at getPrompts (file:///Users/rishikchowdarykaruturi/mars-genai-backend-1/backend/src/api/v1/controllers/prompt.controller.js:34:41)\n    at Layer.handle [as handle_request] (/Users/rishikchowdarykaruturi/mars-genai-backend-1/backend/node_modules/express/lib/router/layer.js:95:5)\n    at next (/Users/rishikchowdarykaruturi/mars-genai-backend-1/backend/node_modules/express/lib/router/route.js:149:13)\n    at Route.dispatch (/Users/rishikchowdarykaruturi/mars-genai-backend-1/backend/node_modules/express/lib/router/route.js:119:3)\n    at Layer.handle [as handle_request] (/Users/rishikchowdarykaruturi/mars-genai-backend-1/backend/node_modules/express/lib/router/layer.js:95:5)\n    at /Users/rishikchowdarykaruturi/mars-genai-backend-1/backend/node_modules/express/lib/router/index.js:284:15\n    at Function.process_params (/Users/rishikchowdarykaruturi/mars-genai-backend-1/backend/node_modules/express/lib/router/index.js:346:12)\n    at next (/Users/rishikchowdarykaruturi/mars-genai-backend-1/backend/node_modules/express/lib/router/index.js:280:10)\n    at file:///Users/rishikchowdarykaruturi/mars-genai-backend-1/backend/src/api/v1/middleware/auth.middleware.js:20:7\n    at /Users/rishikchowdarykaruturi/mars-genai-backend-1/backend/node_modules/jsonwebtoken/verify.js:261:12","timestamp":"2025-04-12T13:54:12.106Z"}
{"level":"info","message":"Server is running on port 3000","timestamp":"2025-04-12T13:54:34.835Z"}
{"level":"info","message":"Server is running on port 3000","timestamp":"2025-04-12T13:54:37.597Z"}
{"level":"info","message":"Server is running on port 3000","timestamp":"2025-04-12T13:59:44.061Z"}
{"level":"info","message":"GET /api/v1/prompts","timestamp":"2025-04-12T13:59:47.971Z"}
{"level":"error","message":"Error fetching prompts: Cannot read properties of undefined (reading 'findMany')","stack":"TypeError: Cannot read properties of undefined (reading 'findMany')\n    at getPrompts (file:///Users/rishikchowdarykaruturi/mars-genai-backend-1/backend/src/api/v1/controllers/prompt.controller.js:34:41)\n    at Layer.handle [as handle_request] (/Users/rishikchowdarykaruturi/mars-genai-backend-1/backend/node_modules/express/lib/router/layer.js:95:5)\n    at next (/Users/rishikchowdarykaruturi/mars-genai-backend-1/backend/node_modules/express/lib/router/route.js:149:13)\n    at Route.dispatch (/Users/rishikchowdarykaruturi/mars-genai-backend-1/backend/node_modules/express/lib/router/route.js:119:3)\n    at Layer.handle [as handle_request] (/Users/rishikchowdarykaruturi/mars-genai-backend-1/backend/node_modules/express/lib/router/layer.js:95:5)\n    at /Users/rishikchowdarykaruturi/mars-genai-backend-1/backend/node_modules/express/lib/router/index.js:284:15\n    at Function.process_params (/Users/rishikchowdarykaruturi/mars-genai-backend-1/backend/node_modules/express/lib/router/index.js:346:12)\n    at next (/Users/rishikchowdarykaruturi/mars-genai-backend-1/backend/node_modules/express/lib/router/index.js:280:10)\n    at file:///Users/rishikchowdarykaruturi/mars-genai-backend-1/backend/src/api/v1/middleware/auth.middleware.js:20:7\n    at /Users/rishikchowdarykaruturi/mars-genai-backend-1/backend/node_modules/jsonwebtoken/verify.js:261:12","timestamp":"2025-04-12T13:59:47.988Z"}
{"level":"info","message":"Server is running on port 3000","timestamp":"2025-04-12T14:00:49.084Z"}
{"level":"info","message":"GET /api/v1/login","timestamp":"2025-04-12T14:00:59.366Z"}
{"level":"info","message":"POST /api/v1/auth/login","timestamp":"2025-04-12T14:01:12.824Z"}
{"level":"info","message":"POST /api/v1/auth/register","timestamp":"2025-04-12T14:01:20.760Z"}
{"level":"info","message":"User registered successfully: cm9eaavd400006fixipf2ya76","timestamp":"2025-04-12T14:01:21.194Z"}
{"level":"info","message":"POST /api/v1/auth/login","timestamp":"2025-04-12T14:01:38.458Z"}
{"level":"info","message":"User logged in successfully: cm9eaavd400006fixipf2ya76","timestamp":"2025-04-12T14:01:38.772Z"}
{"level":"info","message":"POST /api/v1/auth/login","timestamp":"2025-04-12T14:01:48.593Z"}
{"level":"info","message":"User logged in successfully: cm9eaavd400006fixipf2ya76","timestamp":"2025-04-12T14:01:48.781Z"}
{"level":"info","message":"POST /api/v1/users","timestamp":"2025-04-12T14:02:55.633Z"}
{"level":"info","message":"GET /api/v1/users","timestamp":"2025-04-12T14:02:59.062Z"}
{"level":"info","message":"GET /api/v1/users/profile","timestamp":"2025-04-12T14:03:27.777Z"}
{"level":"info","message":"GET /api/v1/users/me","timestamp":"2025-04-12T14:03:33.626Z"}
{"level":"info","message":"GET /api/v1/me","timestamp":"2025-04-12T14:03:36.358Z"}
{"level":"info","message":"GET /api/v1/datasets","timestamp":"2025-04-12T14:05:13.297Z"}
{"level":"info","message":"GET /flash-sales/active","timestamp":"2025-04-12T14:07:31.463Z"}
{"level":"info","message":"GET /all-categories","timestamp":"2025-04-12T14:07:31.469Z"}
{"level":"info","message":"GET /products/Hoople%20Clock","timestamp":"2025-04-12T14:07:31.471Z"}
{"level":"info","message":"GET /products","timestamp":"2025-04-12T14:07:31.472Z"}
{"level":"info","message":"GET /categories","timestamp":"2025-04-12T14:07:31.476Z"}
{"level":"info","message":"GET /all-categories","timestamp":"2025-04-12T14:07:31.479Z"}
{"level":"info","message":"GET /products/Hoople%20Clock","timestamp":"2025-04-12T14:07:31.479Z"}
{"level":"info","message":"GET /flash-sales/active","timestamp":"2025-04-12T14:07:31.485Z"}
{"level":"info","message":"GET /all-categories","timestamp":"2025-04-12T14:07:31.496Z"}
{"level":"info","message":"GET /products","timestamp":"2025-04-12T14:07:31.497Z"}
{"level":"info","message":"GET /categories","timestamp":"2025-04-12T14:07:31.498Z"}
{"level":"info","message":"GET /all-categories","timestamp":"2025-04-12T14:07:31.501Z"}
{"level":"info","message":"GET /products","timestamp":"2025-04-12T14:07:31.502Z"}
{"level":"info","message":"GET /all-categories","timestamp":"2025-04-12T14:07:31.504Z"}
{"level":"info","message":"GET /products","timestamp":"2025-04-12T14:07:31.505Z"}
{"level":"info","message":"GET /all-categories","timestamp":"2025-04-12T14:07:31.506Z"}
{"level":"info","message":"GET /products","timestamp":"2025-04-12T14:07:31.509Z"}
{"level":"info","message":"GET /products","timestamp":"2025-04-12T14:07:31.511Z"}
{"level":"info","message":"GET /products","timestamp":"2025-04-12T14:07:31.512Z"}
{"level":"info","message":"GET /products","timestamp":"2025-04-12T14:07:31.513Z"}
{"level":"info","message":"POST /api/v1/datasets","timestamp":"2025-04-12T14:28:03.312Z"}
{"clientVersion":"5.22.0","code":"P2024","level":"error","message":"Error creating dataset: \nInvalid `prisma.dataset.create()` invocation:\n\n\nTimed out fetching a new connection from the connection pool. More info: http://pris.ly/d/connection-pool (Current connection pool timeout: 10, connection limit: 17)","meta":{"connection_limit":17,"modelName":"Dataset","timeout":10},"name":"PrismaClientKnownRequestError","stack":"PrismaClientKnownRequestError: \nInvalid `prisma.dataset.create()` invocation:\n\n\nTimed out fetching a new connection from the connection pool. More info: http://pris.ly/d/connection-pool (Current connection pool timeout: 10, connection limit: 17)\n    at $n.handleRequestError (/Users/rishikchowdarykaruturi/mars-genai-backend-1/backend/node_modules/@prisma/client/runtime/library.js:121:7315)\n    at $n.handleAndLogRequestError (/Users/rishikchowdarykaruturi/mars-genai-backend-1/backend/node_modules/@prisma/client/runtime/library.js:121:6623)\n    at $n.request (/Users/rishikchowdarykaruturi/mars-genai-backend-1/backend/node_modules/@prisma/client/runtime/library.js:121:6307)\n    at async l (/Users/rishikchowdarykaruturi/mars-genai-backend-1/backend/node_modules/@prisma/client/runtime/library.js:130:9633)\n    at async createDataset (file:///Users/rishikchowdarykaruturi/mars-genai-backend-1/backend/src/api/v1/controllers/dataset.controller.js:12:21)","timestamp":"2025-04-12T14:28:13.454Z"}
{"level":"info","message":"POST /api/v1/datasets","timestamp":"2025-04-12T14:28:19.965Z"}
{"clientVersion":"5.22.0","level":"error","message":"Error creating dataset: \nInvalid `prisma.dataset.create()` invocation:\n\n{\n  data: {\n    name: \"Test Dataset\",\n    description: \"Test description\",\n    content: \"Test content\",\n    type: \"text\",\n          ~~~~~~\n    userId: \"cm9eaavd400006fixipf2ya76\"\n  }\n}\n\nInvalid value for argument `type`. Expected DatasetType.","name":"PrismaClientValidationError","stack":"PrismaClientValidationError: \nInvalid `prisma.dataset.create()` invocation:\n\n{\n  data: {\n    name: \"Test Dataset\",\n    description: \"Test description\",\n    content: \"Test content\",\n    type: \"text\",\n          ~~~~~~\n    userId: \"cm9eaavd400006fixipf2ya76\"\n  }\n}\n\nInvalid value for argument `type`. Expected DatasetType.\n    at wn (/Users/rishikchowdarykaruturi/mars-genai-backend-1/backend/node_modules/@prisma/client/runtime/library.js:29:1363)\n    at $n.handleRequestError (/Users/rishikchowdarykaruturi/mars-genai-backend-1/backend/node_modules/@prisma/client/runtime/library.js:121:6958)\n    at $n.handleAndLogRequestError (/Users/rishikchowdarykaruturi/mars-genai-backend-1/backend/node_modules/@prisma/client/runtime/library.js:121:6623)\n    at $n.request (/Users/rishikchowdarykaruturi/mars-genai-backend-1/backend/node_modules/@prisma/client/runtime/library.js:121:6307)\n    at async l (/Users/rishikchowdarykaruturi/mars-genai-backend-1/backend/node_modules/@prisma/client/runtime/library.js:130:9633)\n    at async createDataset (file:///Users/rishikchowdarykaruturi/mars-genai-backend-1/backend/src/api/v1/controllers/dataset.controller.js:12:21)","timestamp":"2025-04-12T14:28:21.097Z"}
{"level":"info","message":"Server is running on port 3000","timestamp":"2025-04-12T14:29:14.214Z"}
{"level":"info","message":"POST /api/v1/datasets","timestamp":"2025-04-12T14:29:15.711Z"}
{"clientVersion":"5.22.0","level":"error","message":"Error creating dataset: \nInvalid `prisma.dataset.create()` invocation:\n\n{\n  data: {\n    name: \"Test Dataset\",\n    description: \"Test description\",\n    content: \"Test content\",\n    type: \"text\",\n          ~~~~~~\n    userId: \"cm9eaavd400006fixipf2ya76\"\n  }\n}\n\nInvalid value for argument `type`. Expected DatasetType.","name":"PrismaClientValidationError","stack":"PrismaClientValidationError: \nInvalid `prisma.dataset.create()` invocation:\n\n{\n  data: {\n    name: \"Test Dataset\",\n    description: \"Test description\",\n    content: \"Test content\",\n    type: \"text\",\n          ~~~~~~\n    userId: \"cm9eaavd400006fixipf2ya76\"\n  }\n}\n\nInvalid value for argument `type`. Expected DatasetType.\n    at wn (/Users/rishikchowdarykaruturi/mars-genai-backend-1/backend/node_modules/@prisma/client/runtime/library.js:29:1363)\n    at $n.handleRequestError (/Users/rishikchowdarykaruturi/mars-genai-backend-1/backend/node_modules/@prisma/client/runtime/library.js:121:6958)\n    at $n.handleAndLogRequestError (/Users/rishikchowdarykaruturi/mars-genai-backend-1/backend/node_modules/@prisma/client/runtime/library.js:121:6623)\n    at $n.request (/Users/rishikchowdarykaruturi/mars-genai-backend-1/backend/node_modules/@prisma/client/runtime/library.js:121:6307)\n    at async l (/Users/rishikchowdarykaruturi/mars-genai-backend-1/backend/node_modules/@prisma/client/runtime/library.js:130:9633)\n    at async createDataset (file:///Users/rishikchowdarykaruturi/mars-genai-backend-1/backend/src/api/v1/controllers/dataset.controller.js:12:21)","timestamp":"2025-04-12T14:29:16.491Z"}
{"level":"info","message":"POST /api/v1/login","timestamp":"2025-04-12T14:29:30.110Z"}
{"level":"info","message":"GET /flash-sales/active","timestamp":"2025-04-12T14:33:52.826Z"}
{"level":"info","message":"GET /products/Hoople%20Clock","timestamp":"2025-04-12T14:33:52.842Z"}
{"level":"info","message":"GET /all-categories","timestamp":"2025-04-12T14:33:52.849Z"}
{"level":"info","message":"GET /products","timestamp":"2025-04-12T14:33:52.856Z"}
{"level":"info","message":"GET /flash-sales/active","timestamp":"2025-04-12T14:33:52.858Z"}
{"level":"info","message":"GET /categories","timestamp":"2025-04-12T14:33:52.863Z"}
{"level":"info","message":"GET /products","timestamp":"2025-04-12T14:33:52.865Z"}
{"level":"info","message":"GET /all-categories","timestamp":"2025-04-12T14:33:52.875Z"}
{"level":"info","message":"GET /categories","timestamp":"2025-04-12T14:33:52.875Z"}
{"level":"info","message":"GET /products/Hoople%20Clock","timestamp":"2025-04-12T14:33:52.875Z"}
{"level":"info","message":"GET /products","timestamp":"2025-04-12T14:33:52.879Z"}
{"level":"info","message":"GET /all-categories","timestamp":"2025-04-12T14:33:52.880Z"}
{"level":"info","message":"GET /products","timestamp":"2025-04-12T14:33:52.881Z"}
{"level":"info","message":"GET /all-categories","timestamp":"2025-04-12T14:33:52.882Z"}
{"level":"info","message":"GET /products","timestamp":"2025-04-12T14:33:52.883Z"}
{"level":"info","message":"GET /all-categories","timestamp":"2025-04-12T14:33:52.887Z"}
{"level":"info","message":"GET /products","timestamp":"2025-04-12T14:33:52.888Z"}
{"level":"info","message":"GET /all-categories","timestamp":"2025-04-12T14:33:52.888Z"}
{"level":"info","message":"GET /products","timestamp":"2025-04-12T14:33:52.893Z"}
{"level":"info","message":"GET /products","timestamp":"2025-04-12T14:33:52.894Z"}
{"level":"info","message":"GET /flash-sales/active","timestamp":"2025-04-12T16:03:50.687Z"}
{"level":"info","message":"GET /all-categories","timestamp":"2025-04-12T16:03:50.762Z"}
{"level":"info","message":"GET /products/Hoople%20Clock","timestamp":"2025-04-12T16:03:50.768Z"}
{"level":"info","message":"GET /products","timestamp":"2025-04-12T16:03:50.769Z"}
{"level":"info","message":"GET /categories","timestamp":"2025-04-12T16:03:50.863Z"}
{"level":"info","message":"GET /all-categories","timestamp":"2025-04-12T16:03:50.868Z"}
{"level":"info","message":"GET /products/Hoople%20Clock","timestamp":"2025-04-12T16:03:50.872Z"}
{"level":"info","message":"GET /flash-sales/active","timestamp":"2025-04-12T16:03:50.875Z"}
{"level":"info","message":"GET /all-categories","timestamp":"2025-04-12T16:03:50.882Z"}
{"level":"info","message":"GET /categories","timestamp":"2025-04-12T16:03:50.887Z"}
{"level":"info","message":"GET /products","timestamp":"2025-04-12T16:03:50.889Z"}
{"level":"info","message":"GET /all-categories","timestamp":"2025-04-12T16:03:50.894Z"}
{"level":"info","message":"GET /products","timestamp":"2025-04-12T16:03:50.897Z"}
{"level":"info","message":"GET /all-categories","timestamp":"2025-04-12T16:03:50.918Z"}
{"level":"info","message":"GET /products","timestamp":"2025-04-12T16:03:50.922Z"}
{"level":"info","message":"GET /all-categories","timestamp":"2025-04-12T16:03:50.923Z"}
{"level":"info","message":"GET /products","timestamp":"2025-04-12T16:03:50.923Z"}
{"level":"info","message":"GET /products","timestamp":"2025-04-12T16:03:50.925Z"}
{"level":"info","message":"GET /products","timestamp":"2025-04-12T16:03:50.926Z"}
{"level":"info","message":"GET /products","timestamp":"2025-04-12T16:03:50.927Z"}
{"level":"info","message":"GET /login","timestamp":"2025-04-12T16:03:55.589Z"}
{"level":"info","message":"POST /api/v1/login","timestamp":"2025-04-12T16:04:02.141Z"}
{"level":"info","message":"POST /api/v1/auth/login","timestamp":"2025-04-12T16:04:09.022Z"}
{"level":"info","message":"User logged in successfully: cm9eaavd400006fixipf2ya76","timestamp":"2025-04-12T16:04:11.044Z"}
{"level":"info","message":"POST /api/v1/datasets","timestamp":"2025-04-12T16:08:25.086Z"}
{"clientVersion":"5.22.0","level":"error","message":"Error creating dataset: \nInvalid `prisma.dataset.create()` invocation:\n\n{\n  data: {\n    name: \"Test Dataset\",\n    description: \"Test description\",\n    content: \"Test content\",\n    type: \"text\",\n          ~~~~~~\n    userId: \"cm9eaavd400006fixipf2ya76\"\n  }\n}\n\nInvalid value for argument `type`. Expected DatasetType.","name":"PrismaClientValidationError","stack":"PrismaClientValidationError: \nInvalid `prisma.dataset.create()` invocation:\n\n{\n  data: {\n    name: \"Test Dataset\",\n    description: \"Test description\",\n    content: \"Test content\",\n    type: \"text\",\n          ~~~~~~\n    userId: \"cm9eaavd400006fixipf2ya76\"\n  }\n}\n\nInvalid value for argument `type`. Expected DatasetType.\n    at wn (/Users/rishikchowdarykaruturi/mars-genai-backend-1/backend/node_modules/@prisma/client/runtime/library.js:29:1363)\n    at $n.handleRequestError (/Users/rishikchowdarykaruturi/mars-genai-backend-1/backend/node_modules/@prisma/client/runtime/library.js:121:6958)\n    at $n.handleAndLogRequestError (/Users/rishikchowdarykaruturi/mars-genai-backend-1/backend/node_modules/@prisma/client/runtime/library.js:121:6623)\n    at $n.request (/Users/rishikchowdarykaruturi/mars-genai-backend-1/backend/node_modules/@prisma/client/runtime/library.js:121:6307)\n    at async l (/Users/rishikchowdarykaruturi/mars-genai-backend-1/backend/node_modules/@prisma/client/runtime/library.js:130:9633)\n    at async createDataset (file:///Users/rishikchowdarykaruturi/mars-genai-backend-1/backend/src/api/v1/controllers/dataset.controller.js:12:21)","timestamp":"2025-04-12T16:08:25.898Z"}
{"body":"   {\n     \"name\": \"Test Dataset\",\n     \"description\": \"Test description\",\n     \"content\": \"Test content\",\n   }","expose":true,"level":"error","message":"Error: Expected double-quoted property name in JSON at position 109 (line 5 column 4)","stack":"SyntaxError: Expected double-quoted property name in JSON at position 109 (line 5 column 4)\n    at JSON.parse (<anonymous>)\n    at parse (/Users/rishikchowdarykaruturi/mars-genai-backend-1/backend/node_modules/body-parser/lib/types/json.js:92:19)\n    at /Users/rishikchowdarykaruturi/mars-genai-backend-1/backend/node_modules/body-parser/lib/read.js:128:18\n    at AsyncResource.runInAsyncScope (node:async_hooks:211:14)\n    at invokeCallback (/Users/rishikchowdarykaruturi/mars-genai-backend-1/backend/node_modules/raw-body/index.js:238:16)\n    at done (/Users/rishikchowdarykaruturi/mars-genai-backend-1/backend/node_modules/raw-body/index.js:227:7)\n    at IncomingMessage.onEnd (/Users/rishikchowdarykaruturi/mars-genai-backend-1/backend/node_modules/raw-body/index.js:287:7)\n    at IncomingMessage.emit (node:events:518:28)\n    at endReadableNT (node:internal/streams/readable:1698:12)\n    at process.processTicksAndRejections (node:internal/process/task_queues:90:21)","status":400,"statusCode":400,"timestamp":"2025-04-12T16:08:40.317Z","type":"entity.parse.failed"}
{"level":"info","message":"POST /api/v1/datasets","timestamp":"2025-04-12T16:08:42.751Z"}
{"0":{"location":"body","msg":"Invalid dataset type","path":"type","type":"field"},"level":"warn","message":"Validation errors in dataset:","timestamp":"2025-04-12T16:08:42.760Z"}
{"level":"info","message":"Server is running on port 3000","timestamp":"2025-04-12T16:09:29.191Z"}
{"level":"info","message":"POST /api/v1/datasets","timestamp":"2025-04-12T16:09:32.171Z"}
{"clientVersion":"5.22.0","level":"error","message":"Error creating dataset: \nInvalid `prisma.dataset.create()` invocation:\n\n{\n  data: {\n    name: \"Test Dataset\",\n    description: \"Test description\",\n    content: \"Test content\",\n    type: \"text\",\n          ~~~~~~\n    userId: \"cm9eaavd400006fixipf2ya76\"\n  }\n}\n\nInvalid value for argument `type`. Expected DatasetType.","name":"PrismaClientValidationError","stack":"PrismaClientValidationError: \nInvalid `prisma.dataset.create()` invocation:\n\n{\n  data: {\n    name: \"Test Dataset\",\n    description: \"Test description\",\n    content: \"Test content\",\n    type: \"text\",\n          ~~~~~~\n    userId: \"cm9eaavd400006fixipf2ya76\"\n  }\n}\n\nInvalid value for argument `type`. Expected DatasetType.\n    at wn (/Users/rishikchowdarykaruturi/mars-genai-backend-1/backend/node_modules/@prisma/client/runtime/library.js:29:1363)\n    at $n.handleRequestError (/Users/rishikchowdarykaruturi/mars-genai-backend-1/backend/node_modules/@prisma/client/runtime/library.js:121:6958)\n    at $n.handleAndLogRequestError (/Users/rishikchowdarykaruturi/mars-genai-backend-1/backend/node_modules/@prisma/client/runtime/library.js:121:6623)\n    at $n.request (/Users/rishikchowdarykaruturi/mars-genai-backend-1/backend/node_modules/@prisma/client/runtime/library.js:121:6307)\n    at async l (/Users/rishikchowdarykaruturi/mars-genai-backend-1/backend/node_modules/@prisma/client/runtime/library.js:130:9633)\n    at async createDataset (file:///Users/rishikchowdarykaruturi/mars-genai-backend-1/backend/src/api/v1/controllers/dataset.controller.js:12:21)","timestamp":"2025-04-12T16:09:35.293Z"}
{"level":"info","message":"Server is running on port 3000","timestamp":"2025-04-12T16:11:11.432Z"}
{"level":"info","message":"POST /api/v1/datasets","timestamp":"2025-04-12T16:16:54.293Z"}
{"0":{"location":"body","msg":"Invalid dataset type","path":"type","type":"field","value":"TEXT"},"level":"warn","message":"Validation errors in dataset:","timestamp":"2025-04-12T16:16:54.318Z"}
{"level":"info","message":"Server is running on port 3000","timestamp":"2025-04-12T16:18:24.292Z"}
{"level":"info","message":"POST /api/v1/datasets","timestamp":"2025-04-12T16:18:54.642Z"}
{"0":{"location":"body","msg":"Invalid dataset type","path":"type","type":"field","value":"TEXT"},"level":"warn","message":"Validation errors in dataset:","timestamp":"2025-04-12T16:18:54.689Z"}
{"level":"info","message":"POST /api/v1/datasets","timestamp":"2025-04-12T16:20:11.470Z"}
{"level":"info","message":"Dataset created successfully: cm9ef9gax0001da8h0ugyi1k0","timestamp":"2025-04-12T16:20:13.124Z"}
{"level":"info","message":"GET /api/v1/datasets","timestamp":"2025-04-12T16:21:00.131Z"}
{"level":"info","message":"GET /api/v1/prompts","timestamp":"2025-04-12T16:24:13.663Z"}
{"level":"info","message":"POST /api/v1/prompts","timestamp":"2025-04-12T16:24:29.668Z"}
{"level":"info","message":"Prompt created successfully: cm9efeyja0003da8hn2gkqbi6","timestamp":"2025-04-12T16:24:29.969Z"}
{"level":"info","message":"GET /api/v1/prompts","timestamp":"2025-04-12T16:24:38.183Z"}
{"level":"info","message":"POST /api/v1/prompts","timestamp":"2025-04-12T16:25:14.682Z"}
{"level":"info","message":"Prompt created successfully: cm9effx9g0005da8harvnu82l","timestamp":"2025-04-12T16:25:14.893Z"}
{"level":"info","message":"POST /api/v1/generations","timestamp":"2025-04-12T16:25:46.050Z"}
{"level":"info","message":"Server is running on port 3000","timestamp":"2025-04-12T16:30:12.350Z"}
{"level":"info","message":"Server is running on port 3000","timestamp":"2025-04-12T16:30:33.966Z"}
{"level":"info","message":"POST /api/v1/generations","timestamp":"2025-04-12T16:30:38.198Z"}
{"level":"info","message":"Server is running on port 3000","timestamp":"2025-04-12T16:31:31.008Z"}
{"level":"info","message":"POST /api/v1/generations","timestamp":"2025-04-12T16:31:33.335Z"}
{"level":"info","message":"POST /api/v1/generations","timestamp":"2025-04-12T16:31:42.381Z"}
{"level":"info","message":"Server is running on port 3000","timestamp":"2025-04-12T16:32:46.614Z"}
{"level":"info","message":"POST /api/v1/generations","timestamp":"2025-04-12T16:32:49.134Z"}
{"level":"info","message":"Server is running on port 3000","timestamp":"2025-04-12T16:33:55.603Z"}
{"level":"info","message":"POST /api/v1/generations","timestamp":"2025-04-12T16:33:58.443Z"}
{"level":"info","message":"Server is running on port 3000","timestamp":"2025-04-12T16:35:05.259Z"}
{"level":"info","message":"POST /api/v1/generations","timestamp":"2025-04-12T16:35:06.916Z"}
{"level":"info","message":"Server is running on port 3000","timestamp":"2025-04-12T16:35:33.029Z"}
{"level":"info","message":"POST /api/v1/generations","timestamp":"2025-04-12T16:36:03.242Z"}
